<?xml version="1.0" encoding="UTF-8"?>
<robot generator="Robot 3.2.1 (Python 3.7.7 on darwin)" generated="20200512 21:30:46.329" rpa="false">
<suite id="s1" name="Tests" source="/Users/douglasrosa/Douglas/robocamp5/ninjapixel/tests">
<suite id="s1-s1" name="Login" source="/Users/douglasrosa/Douglas/robocamp5/ninjapixel/tests/login.robot">
<kw name="Open Session" library="actions" type="setup">
<kw name="Open Chrome" library="actions">
<kw name="Open Browser" library="SeleniumLibrary">
<doc>Opens a new browser instance to the optional ``url``.</doc>
<arguments>
<arg>http://localhost:3000</arg>
<arg>chrome</arg>
<arg>options=add_experimental_option('excludeSwitches', ['enable-logging'])</arg>
</arguments>
<msg timestamp="20200512 21:30:46.497" level="INFO">Opening browser 'chrome' to base url 'http://localhost:3000'.</msg>
<status status="PASS" starttime="20200512 21:30:46.496" endtime="20200512 21:30:51.868"></status>
</kw>
<status status="PASS" starttime="20200512 21:30:46.496" endtime="20200512 21:30:51.868"></status>
</kw>
<kw name="Set Window Size" library="SeleniumLibrary">
<doc>Sets current windows size to given ``width`` and ``height``.</doc>
<arguments>
<arg>1440</arg>
<arg>900</arg>
</arguments>
<status status="PASS" starttime="20200512 21:30:51.869" endtime="20200512 21:30:52.027"></status>
</kw>
<status status="PASS" starttime="20200512 21:30:46.496" endtime="20200512 21:30:52.027"></status>
</kw>
<test id="s1-s1-t1" name="Usuário autenticado">
<kw name="Dado que acesso a página login" library="actions">
<kw name="Go To" library="SeleniumLibrary">
<doc>Navigates the current browser window to the provided ``url``.</doc>
<arguments>
<arg>http://localhost:3000/login</arg>
</arguments>
<msg timestamp="20200512 21:30:52.029" level="INFO">Opening url 'http://localhost:3000/login'</msg>
<status status="PASS" starttime="20200512 21:30:52.028" endtime="20200512 21:30:52.389"></status>
</kw>
<status status="PASS" starttime="20200512 21:30:52.028" endtime="20200512 21:30:52.389"></status>
</kw>
<kw name="Quando eu submeto minhas credenciais &quot;douglas@ninjapixel.com&quot; e &quot;q1w2E3R4@!&quot;" library="actions">
<kw name="Input Text" library="SeleniumLibrary">
<doc>Types the given ``text`` into the text field identified by ``locator``.</doc>
<arguments>
<arg>id:emailId</arg>
<arg>${email}</arg>
</arguments>
<msg timestamp="20200512 21:30:52.391" level="INFO">Typing text 'douglas@ninjapixel.com' into text field 'id:emailId'.</msg>
<status status="PASS" starttime="20200512 21:30:52.390" endtime="20200512 21:30:52.560"></status>
</kw>
<kw name="Input Text" library="SeleniumLibrary">
<doc>Types the given ``text`` into the text field identified by ``locator``.</doc>
<arguments>
<arg>name:password</arg>
<arg>${pass}</arg>
</arguments>
<msg timestamp="20200512 21:30:52.560" level="INFO">Typing text 'q1w2E3R4@!' into text field 'name:password'.</msg>
<status status="PASS" starttime="20200512 21:30:52.560" endtime="20200512 21:30:52.645"></status>
</kw>
<kw name="Click Element" library="SeleniumLibrary">
<doc>Click the element identified by ``locator``.</doc>
<arguments>
<arg>xpath://button[text()="Entrar"]</arg>
</arguments>
<msg timestamp="20200512 21:30:52.645" level="INFO">Clicking element 'xpath://button[text()="Entrar"]'.</msg>
<status status="PASS" starttime="20200512 21:30:52.645" endtime="20200512 21:30:52.700"></status>
</kw>
<status status="PASS" starttime="20200512 21:30:52.389" endtime="20200512 21:30:52.701"></status>
</kw>
<kw name="Então devo ser autenticado" library="actions">
<kw name="Wait Until Element Is Visible" library="SeleniumLibrary">
<doc>Waits until the element ``locator`` is visible.</doc>
<arguments>
<arg>css:.user .info span</arg>
</arguments>
<status status="PASS" starttime="20200512 21:30:52.701" endtime="20200512 21:30:53.147"></status>
</kw>
<kw name="Element Text Should Be" library="SeleniumLibrary">
<doc>Verifies that element ``locator`` contains exact the text ``expected``.</doc>
<arguments>
<arg>css:.user .info span</arg>
<arg>Douglas Rosa</arg>
</arguments>
<msg timestamp="20200512 21:30:53.148" level="INFO">Verifying element 'css:.user .info span' contains exact text 'Douglas Rosa'.</msg>
<status status="PASS" starttime="20200512 21:30:53.147" endtime="20200512 21:30:53.162"></status>
</kw>
<status status="PASS" starttime="20200512 21:30:52.701" endtime="20200512 21:30:53.162"></status>
</kw>
<kw name="Clear Local Storage" library="actions" type="teardown">
<kw name="Execute Javascript" library="SeleniumLibrary">
<doc>Executes the given JavaScript code with possible arguments.</doc>
<arguments>
<arg>localStorage.clear();</arg>
</arguments>
<msg timestamp="20200512 21:30:53.164" level="INFO">Executing JavaScript:
localStorage.clear();
Without any arguments.</msg>
<status status="PASS" starttime="20200512 21:30:53.163" endtime="20200512 21:30:53.169"></status>
</kw>
<status status="PASS" starttime="20200512 21:30:53.163" endtime="20200512 21:30:53.169"></status>
</kw>
<tags>
<tag>success_login</tag>
</tags>
<status status="PASS" starttime="20200512 21:30:52.027" endtime="20200512 21:30:53.169" critical="yes"></status>
</test>
<test id="s1-s1-t2" name="Senha invalida">
<kw name="Tentativa de login">
<arguments>
<arg>douglas@ninjapixel.com</arg>
<arg>qa123</arg>
<arg>Usuário e/ou senha inválidos</arg>
</arguments>
<kw name="Dado que acesso a página login" library="actions">
<kw name="Go To" library="SeleniumLibrary">
<doc>Navigates the current browser window to the provided ``url``.</doc>
<arguments>
<arg>http://localhost:3000/login</arg>
</arguments>
<msg timestamp="20200512 21:30:53.172" level="INFO">Opening url 'http://localhost:3000/login'</msg>
<status status="PASS" starttime="20200512 21:30:53.172" endtime="20200512 21:30:53.375"></status>
</kw>
<status status="PASS" starttime="20200512 21:30:53.171" endtime="20200512 21:30:53.375"></status>
</kw>
<kw name="Quando eu submeto minhas credenciais &quot;${input_email}&quot; e &quot;${input_pass}&quot;" library="actions">
<kw name="Input Text" library="SeleniumLibrary">
<doc>Types the given ``text`` into the text field identified by ``locator``.</doc>
<arguments>
<arg>id:emailId</arg>
<arg>${email}</arg>
</arguments>
<msg timestamp="20200512 21:30:53.377" level="INFO">Typing text 'douglas@ninjapixel.com' into text field 'id:emailId'.</msg>
<status status="PASS" starttime="20200512 21:30:53.376" endtime="20200512 21:30:53.538"></status>
</kw>
<kw name="Input Text" library="SeleniumLibrary">
<doc>Types the given ``text`` into the text field identified by ``locator``.</doc>
<arguments>
<arg>name:password</arg>
<arg>${pass}</arg>
</arguments>
<msg timestamp="20200512 21:30:53.539" level="INFO">Typing text 'qa123' into text field 'name:password'.</msg>
<status status="PASS" starttime="20200512 21:30:53.538" endtime="20200512 21:30:53.609"></status>
</kw>
<kw name="Click Element" library="SeleniumLibrary">
<doc>Click the element identified by ``locator``.</doc>
<arguments>
<arg>xpath://button[text()="Entrar"]</arg>
</arguments>
<msg timestamp="20200512 21:30:53.610" level="INFO">Clicking element 'xpath://button[text()="Entrar"]'.</msg>
<status status="PASS" starttime="20200512 21:30:53.610" endtime="20200512 21:30:53.662"></status>
</kw>
<status status="PASS" starttime="20200512 21:30:53.375" endtime="20200512 21:30:53.663"></status>
</kw>
<kw name="Então devo ver a mensagem de alerta &quot;${output_message}&quot;" library="actions">
<kw name="Wait Until Element Is Visible" library="SeleniumLibrary">
<doc>Waits until the element ``locator`` is visible.</doc>
<arguments>
<arg>class:alert</arg>
</arguments>
<status status="PASS" starttime="20200512 21:30:53.664" endtime="20200512 21:30:53.926"></status>
</kw>
<kw name="Element Text Should Be" library="SeleniumLibrary">
<doc>Verifies that element ``locator`` contains exact the text ``expected``.</doc>
<arguments>
<arg>class:alert</arg>
<arg>${expect_alert}</arg>
</arguments>
<msg timestamp="20200512 21:30:53.927" level="INFO">Verifying element 'class:alert' contains exact text 'Usuário e/ou senha inválidos'.</msg>
<status status="PASS" starttime="20200512 21:30:53.926" endtime="20200512 21:30:53.944"></status>
</kw>
<status status="PASS" starttime="20200512 21:30:53.663" endtime="20200512 21:30:53.945"></status>
</kw>
<status status="PASS" starttime="20200512 21:30:53.171" endtime="20200512 21:30:53.945"></status>
</kw>
<kw name="End Test" library="actions" type="teardown">
<kw name="Capture Page Screenshot" library="SeleniumLibrary">
<doc>Takes a screenshot of the current page and embeds it into a log file.</doc>
<msg timestamp="20200512 21:30:55.673" level="INFO" html="yes">&lt;/td&gt;&lt;/tr&gt;&lt;tr&gt;&lt;td colspan="3"&gt;&lt;a href="selenium-screenshot-1.png"&gt;&lt;img src="selenium-screenshot-1.png" width="800px"&gt;&lt;/a&gt;</msg>
<status status="PASS" starttime="20200512 21:30:53.945" endtime="20200512 21:30:55.673"></status>
</kw>
<status status="PASS" starttime="20200512 21:30:53.945" endtime="20200512 21:30:55.673"></status>
</kw>
<status status="PASS" starttime="20200512 21:30:53.170" endtime="20200512 21:30:55.673" critical="yes"></status>
</test>
<test id="s1-s1-t3" name="Email não cadastrado">
<kw name="Tentativa de login">
<arguments>
<arg>404@ninjapixel.com</arg>
<arg>q1w2E3R4</arg>
<arg>Usuário e/ou senha inválidos</arg>
</arguments>
<kw name="Dado que acesso a página login" library="actions">
<kw name="Go To" library="SeleniumLibrary">
<doc>Navigates the current browser window to the provided ``url``.</doc>
<arguments>
<arg>http://localhost:3000/login</arg>
</arguments>
<msg timestamp="20200512 21:30:55.676" level="INFO">Opening url 'http://localhost:3000/login'</msg>
<status status="PASS" starttime="20200512 21:30:55.675" endtime="20200512 21:30:55.902"></status>
</kw>
<status status="PASS" starttime="20200512 21:30:55.675" endtime="20200512 21:30:55.902"></status>
</kw>
<kw name="Quando eu submeto minhas credenciais &quot;${input_email}&quot; e &quot;${input_pass}&quot;" library="actions">
<kw name="Input Text" library="SeleniumLibrary">
<doc>Types the given ``text`` into the text field identified by ``locator``.</doc>
<arguments>
<arg>id:emailId</arg>
<arg>${email}</arg>
</arguments>
<msg timestamp="20200512 21:30:55.904" level="INFO">Typing text '404@ninjapixel.com' into text field 'id:emailId'.</msg>
<status status="PASS" starttime="20200512 21:30:55.903" endtime="20200512 21:30:56.039"></status>
</kw>
<kw name="Input Text" library="SeleniumLibrary">
<doc>Types the given ``text`` into the text field identified by ``locator``.</doc>
<arguments>
<arg>name:password</arg>
<arg>${pass}</arg>
</arguments>
<msg timestamp="20200512 21:30:56.039" level="INFO">Typing text 'q1w2E3R4' into text field 'name:password'.</msg>
<status status="PASS" starttime="20200512 21:30:56.039" endtime="20200512 21:30:56.117"></status>
</kw>
<kw name="Click Element" library="SeleniumLibrary">
<doc>Click the element identified by ``locator``.</doc>
<arguments>
<arg>xpath://button[text()="Entrar"]</arg>
</arguments>
<msg timestamp="20200512 21:30:56.118" level="INFO">Clicking element 'xpath://button[text()="Entrar"]'.</msg>
<status status="PASS" starttime="20200512 21:30:56.118" endtime="20200512 21:30:56.158"></status>
</kw>
<status status="PASS" starttime="20200512 21:30:55.902" endtime="20200512 21:30:56.158"></status>
</kw>
<kw name="Então devo ver a mensagem de alerta &quot;${output_message}&quot;" library="actions">
<kw name="Wait Until Element Is Visible" library="SeleniumLibrary">
<doc>Waits until the element ``locator`` is visible.</doc>
<arguments>
<arg>class:alert</arg>
</arguments>
<status status="PASS" starttime="20200512 21:30:56.158" endtime="20200512 21:30:56.175"></status>
</kw>
<kw name="Element Text Should Be" library="SeleniumLibrary">
<doc>Verifies that element ``locator`` contains exact the text ``expected``.</doc>
<arguments>
<arg>class:alert</arg>
<arg>${expect_alert}</arg>
</arguments>
<msg timestamp="20200512 21:30:56.175" level="INFO">Verifying element 'class:alert' contains exact text 'Usuário e/ou senha inválidos'.</msg>
<status status="PASS" starttime="20200512 21:30:56.175" endtime="20200512 21:30:56.190"></status>
</kw>
<status status="PASS" starttime="20200512 21:30:56.158" endtime="20200512 21:30:56.190"></status>
</kw>
<status status="PASS" starttime="20200512 21:30:55.674" endtime="20200512 21:30:56.190"></status>
</kw>
<kw name="End Test" library="actions" type="teardown">
<kw name="Capture Page Screenshot" library="SeleniumLibrary">
<doc>Takes a screenshot of the current page and embeds it into a log file.</doc>
<msg timestamp="20200512 21:30:57.862" level="INFO" html="yes">&lt;/td&gt;&lt;/tr&gt;&lt;tr&gt;&lt;td colspan="3"&gt;&lt;a href="selenium-screenshot-2.png"&gt;&lt;img src="selenium-screenshot-2.png" width="800px"&gt;&lt;/a&gt;</msg>
<status status="PASS" starttime="20200512 21:30:56.191" endtime="20200512 21:30:57.862"></status>
</kw>
<status status="PASS" starttime="20200512 21:30:56.190" endtime="20200512 21:30:57.862"></status>
</kw>
<status status="PASS" starttime="20200512 21:30:55.674" endtime="20200512 21:30:57.862" critical="yes"></status>
</test>
<test id="s1-s1-t4" name="Email incorreto">
<kw name="Tentativa de login">
<arguments>
<arg>douglas&amp;ninjapixel.com</arg>
<arg>q1w2E3R4</arg>
<arg>Usuário e/ou senha inválidos</arg>
</arguments>
<kw name="Dado que acesso a página login" library="actions">
<kw name="Go To" library="SeleniumLibrary">
<doc>Navigates the current browser window to the provided ``url``.</doc>
<arguments>
<arg>http://localhost:3000/login</arg>
</arguments>
<msg timestamp="20200512 21:30:57.864" level="INFO">Opening url 'http://localhost:3000/login'</msg>
<status status="PASS" starttime="20200512 21:30:57.864" endtime="20200512 21:30:58.077"></status>
</kw>
<status status="PASS" starttime="20200512 21:30:57.864" endtime="20200512 21:30:58.077"></status>
</kw>
<kw name="Quando eu submeto minhas credenciais &quot;${input_email}&quot; e &quot;${input_pass}&quot;" library="actions">
<kw name="Input Text" library="SeleniumLibrary">
<doc>Types the given ``text`` into the text field identified by ``locator``.</doc>
<arguments>
<arg>id:emailId</arg>
<arg>${email}</arg>
</arguments>
<msg timestamp="20200512 21:30:58.078" level="INFO">Typing text 'douglas&amp;ninjapixel.com' into text field 'id:emailId'.</msg>
<status status="PASS" starttime="20200512 21:30:58.078" endtime="20200512 21:30:58.248"></status>
</kw>
<kw name="Input Text" library="SeleniumLibrary">
<doc>Types the given ``text`` into the text field identified by ``locator``.</doc>
<arguments>
<arg>name:password</arg>
<arg>${pass}</arg>
</arguments>
<msg timestamp="20200512 21:30:58.249" level="INFO">Typing text 'q1w2E3R4' into text field 'name:password'.</msg>
<status status="PASS" starttime="20200512 21:30:58.248" endtime="20200512 21:30:58.324"></status>
</kw>
<kw name="Click Element" library="SeleniumLibrary">
<doc>Click the element identified by ``locator``.</doc>
<arguments>
<arg>xpath://button[text()="Entrar"]</arg>
</arguments>
<msg timestamp="20200512 21:30:58.325" level="INFO">Clicking element 'xpath://button[text()="Entrar"]'.</msg>
<status status="PASS" starttime="20200512 21:30:58.324" endtime="20200512 21:30:58.382"></status>
</kw>
<status status="PASS" starttime="20200512 21:30:58.077" endtime="20200512 21:30:58.383"></status>
</kw>
<kw name="Então devo ver a mensagem de alerta &quot;${output_message}&quot;" library="actions">
<kw name="Wait Until Element Is Visible" library="SeleniumLibrary">
<doc>Waits until the element ``locator`` is visible.</doc>
<arguments>
<arg>class:alert</arg>
</arguments>
<status status="PASS" starttime="20200512 21:30:58.384" endtime="20200512 21:30:58.403"></status>
</kw>
<kw name="Element Text Should Be" library="SeleniumLibrary">
<doc>Verifies that element ``locator`` contains exact the text ``expected``.</doc>
<arguments>
<arg>class:alert</arg>
<arg>${expect_alert}</arg>
</arguments>
<msg timestamp="20200512 21:30:58.404" level="INFO">Verifying element 'class:alert' contains exact text 'Usuário e/ou senha inválidos'.</msg>
<status status="PASS" starttime="20200512 21:30:58.403" endtime="20200512 21:30:58.421"></status>
</kw>
<status status="PASS" starttime="20200512 21:30:58.383" endtime="20200512 21:30:58.421"></status>
</kw>
<status status="PASS" starttime="20200512 21:30:57.863" endtime="20200512 21:30:58.421"></status>
</kw>
<kw name="End Test" library="actions" type="teardown">
<kw name="Capture Page Screenshot" library="SeleniumLibrary">
<doc>Takes a screenshot of the current page and embeds it into a log file.</doc>
<msg timestamp="20200512 21:31:00.092" level="INFO" html="yes">&lt;/td&gt;&lt;/tr&gt;&lt;tr&gt;&lt;td colspan="3"&gt;&lt;a href="selenium-screenshot-3.png"&gt;&lt;img src="selenium-screenshot-3.png" width="800px"&gt;&lt;/a&gt;</msg>
<status status="PASS" starttime="20200512 21:30:58.422" endtime="20200512 21:31:00.092"></status>
</kw>
<status status="PASS" starttime="20200512 21:30:58.422" endtime="20200512 21:31:00.092"></status>
</kw>
<status status="PASS" starttime="20200512 21:30:57.863" endtime="20200512 21:31:00.093" critical="yes"></status>
</test>
<test id="s1-s1-t5" name="Email não informado">
<kw name="Tentativa de login">
<arguments>
<arg>${EMPTY}</arg>
<arg>q1w2E3R4</arg>
<arg>Opps. Informe o seu email!</arg>
</arguments>
<kw name="Dado que acesso a página login" library="actions">
<kw name="Go To" library="SeleniumLibrary">
<doc>Navigates the current browser window to the provided ``url``.</doc>
<arguments>
<arg>http://localhost:3000/login</arg>
</arguments>
<msg timestamp="20200512 21:31:00.095" level="INFO">Opening url 'http://localhost:3000/login'</msg>
<status status="PASS" starttime="20200512 21:31:00.094" endtime="20200512 21:31:00.305"></status>
</kw>
<status status="PASS" starttime="20200512 21:31:00.094" endtime="20200512 21:31:00.305"></status>
</kw>
<kw name="Quando eu submeto minhas credenciais &quot;${input_email}&quot; e &quot;${input_pass}&quot;" library="actions">
<kw name="Input Text" library="SeleniumLibrary">
<doc>Types the given ``text`` into the text field identified by ``locator``.</doc>
<arguments>
<arg>id:emailId</arg>
<arg>${email}</arg>
</arguments>
<msg timestamp="20200512 21:31:00.306" level="INFO">Typing text '' into text field 'id:emailId'.</msg>
<status status="PASS" starttime="20200512 21:31:00.306" endtime="20200512 21:31:00.420"></status>
</kw>
<kw name="Input Text" library="SeleniumLibrary">
<doc>Types the given ``text`` into the text field identified by ``locator``.</doc>
<arguments>
<arg>name:password</arg>
<arg>${pass}</arg>
</arguments>
<msg timestamp="20200512 21:31:00.420" level="INFO">Typing text 'q1w2E3R4' into text field 'name:password'.</msg>
<status status="PASS" starttime="20200512 21:31:00.420" endtime="20200512 21:31:00.495"></status>
</kw>
<kw name="Click Element" library="SeleniumLibrary">
<doc>Click the element identified by ``locator``.</doc>
<arguments>
<arg>xpath://button[text()="Entrar"]</arg>
</arguments>
<msg timestamp="20200512 21:31:00.496" level="INFO">Clicking element 'xpath://button[text()="Entrar"]'.</msg>
<status status="PASS" starttime="20200512 21:31:00.496" endtime="20200512 21:31:00.540"></status>
</kw>
<status status="PASS" starttime="20200512 21:31:00.305" endtime="20200512 21:31:00.540"></status>
</kw>
<kw name="Então devo ver a mensagem de alerta &quot;${output_message}&quot;" library="actions">
<kw name="Wait Until Element Is Visible" library="SeleniumLibrary">
<doc>Waits until the element ``locator`` is visible.</doc>
<arguments>
<arg>class:alert</arg>
</arguments>
<status status="PASS" starttime="20200512 21:31:00.541" endtime="20200512 21:31:00.558"></status>
</kw>
<kw name="Element Text Should Be" library="SeleniumLibrary">
<doc>Verifies that element ``locator`` contains exact the text ``expected``.</doc>
<arguments>
<arg>class:alert</arg>
<arg>${expect_alert}</arg>
</arguments>
<msg timestamp="20200512 21:31:00.558" level="INFO">Verifying element 'class:alert' contains exact text 'Opps. Informe o seu email!'.</msg>
<status status="PASS" starttime="20200512 21:31:00.558" endtime="20200512 21:31:00.574"></status>
</kw>
<status status="PASS" starttime="20200512 21:31:00.541" endtime="20200512 21:31:00.575"></status>
</kw>
<status status="PASS" starttime="20200512 21:31:00.094" endtime="20200512 21:31:00.575"></status>
</kw>
<kw name="End Test" library="actions" type="teardown">
<kw name="Capture Page Screenshot" library="SeleniumLibrary">
<doc>Takes a screenshot of the current page and embeds it into a log file.</doc>
<msg timestamp="20200512 21:31:02.267" level="INFO" html="yes">&lt;/td&gt;&lt;/tr&gt;&lt;tr&gt;&lt;td colspan="3"&gt;&lt;a href="selenium-screenshot-4.png"&gt;&lt;img src="selenium-screenshot-4.png" width="800px"&gt;&lt;/a&gt;</msg>
<status status="PASS" starttime="20200512 21:31:00.575" endtime="20200512 21:31:02.267"></status>
</kw>
<status status="PASS" starttime="20200512 21:31:00.575" endtime="20200512 21:31:02.267"></status>
</kw>
<status status="PASS" starttime="20200512 21:31:00.093" endtime="20200512 21:31:02.267" critical="yes"></status>
</test>
<test id="s1-s1-t6" name="Senha não informada">
<kw name="Tentativa de login">
<arguments>
<arg>douglas@ninjapixel.com</arg>
<arg>${EMPTY}</arg>
<arg>Opps. Informe a sua senha!</arg>
</arguments>
<kw name="Dado que acesso a página login" library="actions">
<kw name="Go To" library="SeleniumLibrary">
<doc>Navigates the current browser window to the provided ``url``.</doc>
<arguments>
<arg>http://localhost:3000/login</arg>
</arguments>
<msg timestamp="20200512 21:31:02.269" level="INFO">Opening url 'http://localhost:3000/login'</msg>
<status status="PASS" starttime="20200512 21:31:02.269" endtime="20200512 21:31:02.485"></status>
</kw>
<status status="PASS" starttime="20200512 21:31:02.269" endtime="20200512 21:31:02.485"></status>
</kw>
<kw name="Quando eu submeto minhas credenciais &quot;${input_email}&quot; e &quot;${input_pass}&quot;" library="actions">
<kw name="Input Text" library="SeleniumLibrary">
<doc>Types the given ``text`` into the text field identified by ``locator``.</doc>
<arguments>
<arg>id:emailId</arg>
<arg>${email}</arg>
</arguments>
<msg timestamp="20200512 21:31:02.486" level="INFO">Typing text 'douglas@ninjapixel.com' into text field 'id:emailId'.</msg>
<status status="PASS" starttime="20200512 21:31:02.486" endtime="20200512 21:31:02.662"></status>
</kw>
<kw name="Input Text" library="SeleniumLibrary">
<doc>Types the given ``text`` into the text field identified by ``locator``.</doc>
<arguments>
<arg>name:password</arg>
<arg>${pass}</arg>
</arguments>
<msg timestamp="20200512 21:31:02.663" level="INFO">Typing text '' into text field 'name:password'.</msg>
<status status="PASS" starttime="20200512 21:31:02.663" endtime="20200512 21:31:02.714"></status>
</kw>
<kw name="Click Element" library="SeleniumLibrary">
<doc>Click the element identified by ``locator``.</doc>
<arguments>
<arg>xpath://button[text()="Entrar"]</arg>
</arguments>
<msg timestamp="20200512 21:31:02.714" level="INFO">Clicking element 'xpath://button[text()="Entrar"]'.</msg>
<status status="PASS" starttime="20200512 21:31:02.714" endtime="20200512 21:31:02.766"></status>
</kw>
<status status="PASS" starttime="20200512 21:31:02.486" endtime="20200512 21:31:02.766"></status>
</kw>
<kw name="Então devo ver a mensagem de alerta &quot;${output_message}&quot;" library="actions">
<kw name="Wait Until Element Is Visible" library="SeleniumLibrary">
<doc>Waits until the element ``locator`` is visible.</doc>
<arguments>
<arg>class:alert</arg>
</arguments>
<status status="PASS" starttime="20200512 21:31:02.767" endtime="20200512 21:31:02.783"></status>
</kw>
<kw name="Element Text Should Be" library="SeleniumLibrary">
<doc>Verifies that element ``locator`` contains exact the text ``expected``.</doc>
<arguments>
<arg>class:alert</arg>
<arg>${expect_alert}</arg>
</arguments>
<msg timestamp="20200512 21:31:02.784" level="INFO">Verifying element 'class:alert' contains exact text 'Opps. Informe a sua senha!'.</msg>
<status status="PASS" starttime="20200512 21:31:02.784" endtime="20200512 21:31:02.801"></status>
</kw>
<status status="PASS" starttime="20200512 21:31:02.766" endtime="20200512 21:31:02.801"></status>
</kw>
<status status="PASS" starttime="20200512 21:31:02.268" endtime="20200512 21:31:02.802"></status>
</kw>
<kw name="End Test" library="actions" type="teardown">
<kw name="Capture Page Screenshot" library="SeleniumLibrary">
<doc>Takes a screenshot of the current page and embeds it into a log file.</doc>
<msg timestamp="20200512 21:31:04.493" level="INFO" html="yes">&lt;/td&gt;&lt;/tr&gt;&lt;tr&gt;&lt;td colspan="3"&gt;&lt;a href="selenium-screenshot-5.png"&gt;&lt;img src="selenium-screenshot-5.png" width="800px"&gt;&lt;/a&gt;</msg>
<status status="PASS" starttime="20200512 21:31:02.802" endtime="20200512 21:31:04.493"></status>
</kw>
<status status="PASS" starttime="20200512 21:31:02.802" endtime="20200512 21:31:04.493"></status>
</kw>
<status status="PASS" starttime="20200512 21:31:02.268" endtime="20200512 21:31:04.493" critical="yes"></status>
</test>
<kw name="Close Session" library="actions" type="teardown">
<kw name="Close Browser" library="SeleniumLibrary">
<doc>Closes the current browser.</doc>
<status status="PASS" starttime="20200512 21:31:04.495" endtime="20200512 21:31:04.581"></status>
</kw>
<status status="PASS" starttime="20200512 21:31:04.494" endtime="20200512 21:31:04.581"></status>
</kw>
<doc>Login
Sendo um administrador de catálogo
Quero me autenticar no sistema
Para que eu possa gerenciar os produtos da loja virtual</doc>
<status status="PASS" starttime="20200512 21:30:46.352" endtime="20200512 21:31:04.581"></status>
</suite>
<status status="PASS" starttime="20200512 21:30:46.331" endtime="20200512 21:31:04.592"></status>
</suite>
<statistics>
<total>
<stat pass="6" fail="0">Critical Tests</stat>
<stat pass="6" fail="0">All Tests</stat>
</total>
<tag>
<stat pass="1" fail="0">success_login</stat>
</tag>
<suite>
<stat pass="6" fail="0" id="s1" name="Tests">Tests</stat>
<stat pass="6" fail="0" id="s1-s1" name="Login">Tests.Login</stat>
</suite>
</statistics>
<errors>
</errors>
</robot>
