<?xml version="1.0" encoding="UTF-8"?>
<robot generator="Robot 3.2.1 (Python 3.7.7 on darwin)" generated="20200512 20:39:12.160" rpa="false">
<suite id="s1" name="Login" source="/Users/douglasrosa/Douglas/robocamp5/ninjapixel/tests/login.robot">
<kw name="Open Session" library="actions" type="setup">
<kw name="Open Browser" library="SeleniumLibrary">
<doc>Opens a new browser instance to the optional ``url``.</doc>
<arguments>
<arg>http://localhost:3000</arg>
<arg>chrome</arg>
</arguments>
<msg timestamp="20200512 20:39:12.318" level="INFO">Opening browser 'chrome' to base url 'http://localhost:3000'.</msg>
<status status="PASS" starttime="20200512 20:39:12.317" endtime="20200512 20:39:15.285"></status>
</kw>
<kw name="Set Window Size" library="SeleniumLibrary">
<doc>Sets current windows size to given ``width`` and ``height``.</doc>
<arguments>
<arg>1440</arg>
<arg>900</arg>
</arguments>
<status status="PASS" starttime="20200512 20:39:15.285" endtime="20200512 20:39:15.503"></status>
</kw>
<status status="PASS" starttime="20200512 20:39:12.317" endtime="20200512 20:39:15.503"></status>
</kw>
<test id="s1-t1" name="Usuário autenticado">
<kw name="Dado que acesso a página login" library="actions">
<kw name="Go To" library="SeleniumLibrary">
<doc>Navigates the current browser window to the provided ``url``.</doc>
<arguments>
<arg>http://localhost:3000/login</arg>
</arguments>
<msg timestamp="20200512 20:39:15.507" level="INFO">Opening url 'http://localhost:3000/login'</msg>
<status status="PASS" starttime="20200512 20:39:15.506" endtime="20200512 20:39:15.871"></status>
</kw>
<status status="PASS" starttime="20200512 20:39:15.505" endtime="20200512 20:39:15.871"></status>
</kw>
<kw name="Quando eu submeto minhas credenciais &quot;douglas@ninjapixel.com&quot; e &quot;q1w2E3R4@!&quot;" library="actions">
<kw name="Input Text" library="SeleniumLibrary">
<doc>Types the given ``text`` into the text field identified by ``locator``.</doc>
<arguments>
<arg>id:emailId</arg>
<arg>${email}</arg>
</arguments>
<msg timestamp="20200512 20:39:15.873" level="INFO">Typing text 'douglas@ninjapixel.com' into text field 'id:emailId'.</msg>
<status status="PASS" starttime="20200512 20:39:15.873" endtime="20200512 20:39:16.065"></status>
</kw>
<kw name="Input Text" library="SeleniumLibrary">
<doc>Types the given ``text`` into the text field identified by ``locator``.</doc>
<arguments>
<arg>name:password</arg>
<arg>${pass}</arg>
</arguments>
<msg timestamp="20200512 20:39:16.065" level="INFO">Typing text 'q1w2E3R4@!' into text field 'name:password'.</msg>
<status status="PASS" starttime="20200512 20:39:16.065" endtime="20200512 20:39:16.158"></status>
</kw>
<kw name="Click Element" library="SeleniumLibrary">
<doc>Click the element identified by ``locator``.</doc>
<arguments>
<arg>xpath://button[text()="Entrar"]</arg>
</arguments>
<msg timestamp="20200512 20:39:16.158" level="INFO">Clicking element 'xpath://button[text()="Entrar"]'.</msg>
<status status="PASS" starttime="20200512 20:39:16.158" endtime="20200512 20:39:16.226"></status>
</kw>
<status status="PASS" starttime="20200512 20:39:15.872" endtime="20200512 20:39:16.226"></status>
</kw>
<kw name="Então devo ser autenticado" library="actions">
<kw name="Wait Until Element Is Visible" library="SeleniumLibrary">
<doc>Waits until the element ``locator`` is visible.</doc>
<arguments>
<arg>css:.user .info span</arg>
</arguments>
<status status="PASS" starttime="20200512 20:39:16.227" endtime="20200512 20:39:16.698"></status>
</kw>
<kw name="Element Text Should Be" library="SeleniumLibrary">
<doc>Verifies that element ``locator`` contains exact the text ``expected``.</doc>
<arguments>
<arg>css:.user .info span</arg>
<arg>Douglas Rosa</arg>
</arguments>
<msg timestamp="20200512 20:39:16.698" level="INFO">Verifying element 'css:.user .info span' contains exact text 'Douglas Rosa'.</msg>
<status status="PASS" starttime="20200512 20:39:16.698" endtime="20200512 20:39:16.714"></status>
</kw>
<status status="PASS" starttime="20200512 20:39:16.227" endtime="20200512 20:39:16.715"></status>
</kw>
<kw name="Clear Local Storage" library="actions" type="teardown">
<kw name="Execute Javascript" library="SeleniumLibrary">
<doc>Executes the given JavaScript code with possible arguments.</doc>
<arguments>
<arg>localStorage.clear();</arg>
</arguments>
<msg timestamp="20200512 20:39:16.716" level="INFO">Executing JavaScript:
localStorage.clear();
Without any arguments.</msg>
<status status="PASS" starttime="20200512 20:39:16.715" endtime="20200512 20:39:16.721"></status>
</kw>
<status status="PASS" starttime="20200512 20:39:16.715" endtime="20200512 20:39:16.722"></status>
</kw>
<tags>
<tag>success_login</tag>
</tags>
<status status="PASS" starttime="20200512 20:39:15.504" endtime="20200512 20:39:16.722" critical="yes"></status>
</test>
<test id="s1-t2" name="Senha invalida">
<kw name="Dado que acesso a página login" library="actions">
<kw name="Go To" library="SeleniumLibrary">
<doc>Navigates the current browser window to the provided ``url``.</doc>
<arguments>
<arg>http://localhost:3000/login</arg>
</arguments>
<msg timestamp="20200512 20:39:16.723" level="INFO">Opening url 'http://localhost:3000/login'</msg>
<status status="PASS" starttime="20200512 20:39:16.723" endtime="20200512 20:39:16.925"></status>
</kw>
<status status="PASS" starttime="20200512 20:39:16.723" endtime="20200512 20:39:16.926"></status>
</kw>
<kw name="Quando eu submeto minhas credenciais &quot;douglas@ninjapixel.com&quot; e &quot;qa123&quot;" library="actions">
<kw name="Input Text" library="SeleniumLibrary">
<doc>Types the given ``text`` into the text field identified by ``locator``.</doc>
<arguments>
<arg>id:emailId</arg>
<arg>${email}</arg>
</arguments>
<msg timestamp="20200512 20:39:16.928" level="INFO">Typing text 'douglas@ninjapixel.com' into text field 'id:emailId'.</msg>
<status status="PASS" starttime="20200512 20:39:16.927" endtime="20200512 20:39:17.076"></status>
</kw>
<kw name="Input Text" library="SeleniumLibrary">
<doc>Types the given ``text`` into the text field identified by ``locator``.</doc>
<arguments>
<arg>name:password</arg>
<arg>${pass}</arg>
</arguments>
<msg timestamp="20200512 20:39:17.076" level="INFO">Typing text 'qa123' into text field 'name:password'.</msg>
<status status="PASS" starttime="20200512 20:39:17.076" endtime="20200512 20:39:17.148"></status>
</kw>
<kw name="Click Element" library="SeleniumLibrary">
<doc>Click the element identified by ``locator``.</doc>
<arguments>
<arg>xpath://button[text()="Entrar"]</arg>
</arguments>
<msg timestamp="20200512 20:39:17.148" level="INFO">Clicking element 'xpath://button[text()="Entrar"]'.</msg>
<status status="PASS" starttime="20200512 20:39:17.148" endtime="20200512 20:39:17.196"></status>
</kw>
<status status="PASS" starttime="20200512 20:39:16.926" endtime="20200512 20:39:17.197"></status>
</kw>
<kw name="Então devo ver a mensagem de alerta &quot;Usuário e/ou senha inválidos&quot;" library="actions">
<kw name="Wait Until Element Is Visible" library="SeleniumLibrary">
<doc>Waits until the element ``locator`` is visible.</doc>
<arguments>
<arg>class:alert</arg>
</arguments>
<status status="PASS" starttime="20200512 20:39:17.198" endtime="20200512 20:39:17.452"></status>
</kw>
<kw name="Element Text Should Be" library="SeleniumLibrary">
<doc>Verifies that element ``locator`` contains exact the text ``expected``.</doc>
<arguments>
<arg>class:alert</arg>
<arg>${expect_alert}</arg>
</arguments>
<msg timestamp="20200512 20:39:17.453" level="INFO">Verifying element 'class:alert' contains exact text 'Usuário e/ou senha inválidos'.</msg>
<status status="PASS" starttime="20200512 20:39:17.452" endtime="20200512 20:39:17.470"></status>
</kw>
<status status="PASS" starttime="20200512 20:39:17.197" endtime="20200512 20:39:17.471"></status>
</kw>
<kw name="End Test" library="actions" type="teardown">
<kw name="Capture Page Screenshot" library="SeleniumLibrary">
<doc>Takes a screenshot of the current page and embeds it into a log file.</doc>
<msg timestamp="20200512 20:39:19.220" level="INFO" html="yes">&lt;/td&gt;&lt;/tr&gt;&lt;tr&gt;&lt;td colspan="3"&gt;&lt;a href="selenium-screenshot-1.png"&gt;&lt;img src="selenium-screenshot-1.png" width="800px"&gt;&lt;/a&gt;</msg>
<status status="PASS" starttime="20200512 20:39:17.471" endtime="20200512 20:39:19.220"></status>
</kw>
<status status="PASS" starttime="20200512 20:39:17.471" endtime="20200512 20:39:19.220"></status>
</kw>
<status status="PASS" starttime="20200512 20:39:16.722" endtime="20200512 20:39:19.220" critical="yes"></status>
</test>
<test id="s1-t3" name="Email não cadastrado">
<kw name="Dado que acesso a página login" library="actions">
<kw name="Go To" library="SeleniumLibrary">
<doc>Navigates the current browser window to the provided ``url``.</doc>
<arguments>
<arg>http://localhost:3000/login</arg>
</arguments>
<msg timestamp="20200512 20:39:19.222" level="INFO">Opening url 'http://localhost:3000/login'</msg>
<status status="PASS" starttime="20200512 20:39:19.222" endtime="20200512 20:39:19.444"></status>
</kw>
<status status="PASS" starttime="20200512 20:39:19.222" endtime="20200512 20:39:19.444"></status>
</kw>
<kw name="Quando eu submeto minhas credenciais &quot;404@ninjapixel.com&quot; e &quot;q1w2E3R4@!&quot;" library="actions">
<kw name="Input Text" library="SeleniumLibrary">
<doc>Types the given ``text`` into the text field identified by ``locator``.</doc>
<arguments>
<arg>id:emailId</arg>
<arg>${email}</arg>
</arguments>
<msg timestamp="20200512 20:39:19.445" level="INFO">Typing text '404@ninjapixel.com' into text field 'id:emailId'.</msg>
<status status="PASS" starttime="20200512 20:39:19.445" endtime="20200512 20:39:19.597"></status>
</kw>
<kw name="Input Text" library="SeleniumLibrary">
<doc>Types the given ``text`` into the text field identified by ``locator``.</doc>
<arguments>
<arg>name:password</arg>
<arg>${pass}</arg>
</arguments>
<msg timestamp="20200512 20:39:19.597" level="INFO">Typing text 'q1w2E3R4@!' into text field 'name:password'.</msg>
<status status="PASS" starttime="20200512 20:39:19.597" endtime="20200512 20:39:19.689"></status>
</kw>
<kw name="Click Element" library="SeleniumLibrary">
<doc>Click the element identified by ``locator``.</doc>
<arguments>
<arg>xpath://button[text()="Entrar"]</arg>
</arguments>
<msg timestamp="20200512 20:39:19.689" level="INFO">Clicking element 'xpath://button[text()="Entrar"]'.</msg>
<status status="PASS" starttime="20200512 20:39:19.689" endtime="20200512 20:39:19.743"></status>
</kw>
<status status="PASS" starttime="20200512 20:39:19.444" endtime="20200512 20:39:19.743"></status>
</kw>
<kw name="Então devo ver a mensagem de alerta &quot;Usuário e/ou senha inválidos&quot;" library="actions">
<kw name="Wait Until Element Is Visible" library="SeleniumLibrary">
<doc>Waits until the element ``locator`` is visible.</doc>
<arguments>
<arg>class:alert</arg>
</arguments>
<status status="PASS" starttime="20200512 20:39:19.744" endtime="20200512 20:39:19.766"></status>
</kw>
<kw name="Element Text Should Be" library="SeleniumLibrary">
<doc>Verifies that element ``locator`` contains exact the text ``expected``.</doc>
<arguments>
<arg>class:alert</arg>
<arg>${expect_alert}</arg>
</arguments>
<msg timestamp="20200512 20:39:19.767" level="INFO">Verifying element 'class:alert' contains exact text 'Usuário e/ou senha inválidos'.</msg>
<status status="PASS" starttime="20200512 20:39:19.767" endtime="20200512 20:39:19.783"></status>
</kw>
<status status="PASS" starttime="20200512 20:39:19.744" endtime="20200512 20:39:19.783"></status>
</kw>
<kw name="End Test" library="actions" type="teardown">
<kw name="Capture Page Screenshot" library="SeleniumLibrary">
<doc>Takes a screenshot of the current page and embeds it into a log file.</doc>
<msg timestamp="20200512 20:39:21.484" level="INFO" html="yes">&lt;/td&gt;&lt;/tr&gt;&lt;tr&gt;&lt;td colspan="3"&gt;&lt;a href="selenium-screenshot-2.png"&gt;&lt;img src="selenium-screenshot-2.png" width="800px"&gt;&lt;/a&gt;</msg>
<status status="PASS" starttime="20200512 20:39:19.783" endtime="20200512 20:39:21.484"></status>
</kw>
<status status="PASS" starttime="20200512 20:39:19.783" endtime="20200512 20:39:21.485"></status>
</kw>
<status status="PASS" starttime="20200512 20:39:19.221" endtime="20200512 20:39:21.485" critical="yes"></status>
</test>
<test id="s1-t4" name="Email incorreto">
<kw name="Dado que acesso a página login" library="actions">
<kw name="Go To" library="SeleniumLibrary">
<doc>Navigates the current browser window to the provided ``url``.</doc>
<arguments>
<arg>http://localhost:3000/login</arg>
</arguments>
<msg timestamp="20200512 20:39:21.487" level="INFO">Opening url 'http://localhost:3000/login'</msg>
<status status="PASS" starttime="20200512 20:39:21.486" endtime="20200512 20:39:21.743"></status>
</kw>
<status status="PASS" starttime="20200512 20:39:21.486" endtime="20200512 20:39:21.743"></status>
</kw>
<kw name="Quando eu submeto minhas credenciais &quot;douglas&amp;ninjapixel.com&quot; e &quot;q1w2E3R4@!&quot;" library="actions">
<kw name="Input Text" library="SeleniumLibrary">
<doc>Types the given ``text`` into the text field identified by ``locator``.</doc>
<arguments>
<arg>id:emailId</arg>
<arg>${email}</arg>
</arguments>
<msg timestamp="20200512 20:39:21.745" level="INFO">Typing text 'douglas&amp;ninjapixel.com' into text field 'id:emailId'.</msg>
<status status="PASS" starttime="20200512 20:39:21.744" endtime="20200512 20:39:21.898"></status>
</kw>
<kw name="Input Text" library="SeleniumLibrary">
<doc>Types the given ``text`` into the text field identified by ``locator``.</doc>
<arguments>
<arg>name:password</arg>
<arg>${pass}</arg>
</arguments>
<msg timestamp="20200512 20:39:21.898" level="INFO">Typing text 'q1w2E3R4@!' into text field 'name:password'.</msg>
<status status="PASS" starttime="20200512 20:39:21.898" endtime="20200512 20:39:21.990"></status>
</kw>
<kw name="Click Element" library="SeleniumLibrary">
<doc>Click the element identified by ``locator``.</doc>
<arguments>
<arg>xpath://button[text()="Entrar"]</arg>
</arguments>
<msg timestamp="20200512 20:39:21.991" level="INFO">Clicking element 'xpath://button[text()="Entrar"]'.</msg>
<status status="PASS" starttime="20200512 20:39:21.990" endtime="20200512 20:39:22.030"></status>
</kw>
<status status="PASS" starttime="20200512 20:39:21.744" endtime="20200512 20:39:22.030"></status>
</kw>
<kw name="Então devo ver a mensagem de alerta &quot;Usuário e/ou senha inválidos&quot;" library="actions">
<kw name="Wait Until Element Is Visible" library="SeleniumLibrary">
<doc>Waits until the element ``locator`` is visible.</doc>
<arguments>
<arg>class:alert</arg>
</arguments>
<status status="PASS" starttime="20200512 20:39:22.031" endtime="20200512 20:39:22.061"></status>
</kw>
<kw name="Element Text Should Be" library="SeleniumLibrary">
<doc>Verifies that element ``locator`` contains exact the text ``expected``.</doc>
<arguments>
<arg>class:alert</arg>
<arg>${expect_alert}</arg>
</arguments>
<msg timestamp="20200512 20:39:22.061" level="INFO">Verifying element 'class:alert' contains exact text 'Usuário e/ou senha inválidos'.</msg>
<status status="PASS" starttime="20200512 20:39:22.061" endtime="20200512 20:39:22.079"></status>
</kw>
<status status="PASS" starttime="20200512 20:39:22.031" endtime="20200512 20:39:22.079"></status>
</kw>
<kw name="End Test" library="actions" type="teardown">
<kw name="Capture Page Screenshot" library="SeleniumLibrary">
<doc>Takes a screenshot of the current page and embeds it into a log file.</doc>
<msg timestamp="20200512 20:39:23.770" level="INFO" html="yes">&lt;/td&gt;&lt;/tr&gt;&lt;tr&gt;&lt;td colspan="3"&gt;&lt;a href="selenium-screenshot-3.png"&gt;&lt;img src="selenium-screenshot-3.png" width="800px"&gt;&lt;/a&gt;</msg>
<status status="PASS" starttime="20200512 20:39:22.080" endtime="20200512 20:39:23.771"></status>
</kw>
<status status="PASS" starttime="20200512 20:39:22.079" endtime="20200512 20:39:23.771"></status>
</kw>
<status status="PASS" starttime="20200512 20:39:21.485" endtime="20200512 20:39:23.771" critical="yes"></status>
</test>
<test id="s1-t5" name="Email não informado">
<kw name="Dado que acesso a página login" library="actions">
<kw name="Go To" library="SeleniumLibrary">
<doc>Navigates the current browser window to the provided ``url``.</doc>
<arguments>
<arg>http://localhost:3000/login</arg>
</arguments>
<msg timestamp="20200512 20:39:23.772" level="INFO">Opening url 'http://localhost:3000/login'</msg>
<status status="PASS" starttime="20200512 20:39:23.772" endtime="20200512 20:39:24.001"></status>
</kw>
<status status="PASS" starttime="20200512 20:39:23.772" endtime="20200512 20:39:24.002"></status>
</kw>
<kw name="Quando eu submeto minhas credenciais &quot;${EMPTY}&quot; e &quot;q1w2E3R4@!&quot;" library="actions">
<kw name="Input Text" library="SeleniumLibrary">
<doc>Types the given ``text`` into the text field identified by ``locator``.</doc>
<arguments>
<arg>id:emailId</arg>
<arg>${email}</arg>
</arguments>
<msg timestamp="20200512 20:39:24.003" level="INFO">Typing text '' into text field 'id:emailId'.</msg>
<status status="PASS" starttime="20200512 20:39:24.003" endtime="20200512 20:39:24.107"></status>
</kw>
<kw name="Input Text" library="SeleniumLibrary">
<doc>Types the given ``text`` into the text field identified by ``locator``.</doc>
<arguments>
<arg>name:password</arg>
<arg>${pass}</arg>
</arguments>
<msg timestamp="20200512 20:39:24.107" level="INFO">Typing text 'q1w2E3R4@!' into text field 'name:password'.</msg>
<status status="PASS" starttime="20200512 20:39:24.107" endtime="20200512 20:39:24.196"></status>
</kw>
<kw name="Click Element" library="SeleniumLibrary">
<doc>Click the element identified by ``locator``.</doc>
<arguments>
<arg>xpath://button[text()="Entrar"]</arg>
</arguments>
<msg timestamp="20200512 20:39:24.197" level="INFO">Clicking element 'xpath://button[text()="Entrar"]'.</msg>
<status status="PASS" starttime="20200512 20:39:24.196" endtime="20200512 20:39:24.243"></status>
</kw>
<status status="PASS" starttime="20200512 20:39:24.002" endtime="20200512 20:39:24.243"></status>
</kw>
<kw name="Então devo ver a mensagem de alerta &quot;Opps. Informe o seu email!&quot;" library="actions">
<kw name="Wait Until Element Is Visible" library="SeleniumLibrary">
<doc>Waits until the element ``locator`` is visible.</doc>
<arguments>
<arg>class:alert</arg>
</arguments>
<status status="PASS" starttime="20200512 20:39:24.244" endtime="20200512 20:39:24.284"></status>
</kw>
<kw name="Element Text Should Be" library="SeleniumLibrary">
<doc>Verifies that element ``locator`` contains exact the text ``expected``.</doc>
<arguments>
<arg>class:alert</arg>
<arg>${expect_alert}</arg>
</arguments>
<msg timestamp="20200512 20:39:24.285" level="INFO">Verifying element 'class:alert' contains exact text 'Opps. Informe o seu email!'.</msg>
<status status="PASS" starttime="20200512 20:39:24.285" endtime="20200512 20:39:24.303"></status>
</kw>
<status status="PASS" starttime="20200512 20:39:24.243" endtime="20200512 20:39:24.303"></status>
</kw>
<kw name="End Test" library="actions" type="teardown">
<kw name="Capture Page Screenshot" library="SeleniumLibrary">
<doc>Takes a screenshot of the current page and embeds it into a log file.</doc>
<msg timestamp="20200512 20:39:25.992" level="INFO" html="yes">&lt;/td&gt;&lt;/tr&gt;&lt;tr&gt;&lt;td colspan="3"&gt;&lt;a href="selenium-screenshot-4.png"&gt;&lt;img src="selenium-screenshot-4.png" width="800px"&gt;&lt;/a&gt;</msg>
<status status="PASS" starttime="20200512 20:39:24.304" endtime="20200512 20:39:25.992"></status>
</kw>
<status status="PASS" starttime="20200512 20:39:24.303" endtime="20200512 20:39:25.993"></status>
</kw>
<status status="PASS" starttime="20200512 20:39:23.771" endtime="20200512 20:39:25.993" critical="yes"></status>
</test>
<test id="s1-t6" name="Senha não informada">
<kw name="Dado que acesso a página login" library="actions">
<kw name="Go To" library="SeleniumLibrary">
<doc>Navigates the current browser window to the provided ``url``.</doc>
<arguments>
<arg>http://localhost:3000/login</arg>
</arguments>
<msg timestamp="20200512 20:39:25.994" level="INFO">Opening url 'http://localhost:3000/login'</msg>
<status status="PASS" starttime="20200512 20:39:25.994" endtime="20200512 20:39:26.214"></status>
</kw>
<status status="PASS" starttime="20200512 20:39:25.994" endtime="20200512 20:39:26.214"></status>
</kw>
<kw name="Quando eu submeto minhas credenciais &quot;404@ninjapixel.com&quot; e &quot;${EMPTY}&quot;" library="actions">
<kw name="Input Text" library="SeleniumLibrary">
<doc>Types the given ``text`` into the text field identified by ``locator``.</doc>
<arguments>
<arg>id:emailId</arg>
<arg>${email}</arg>
</arguments>
<msg timestamp="20200512 20:39:26.216" level="INFO">Typing text '404@ninjapixel.com' into text field 'id:emailId'.</msg>
<status status="PASS" starttime="20200512 20:39:26.215" endtime="20200512 20:39:26.358"></status>
</kw>
<kw name="Input Text" library="SeleniumLibrary">
<doc>Types the given ``text`` into the text field identified by ``locator``.</doc>
<arguments>
<arg>name:password</arg>
<arg>${pass}</arg>
</arguments>
<msg timestamp="20200512 20:39:26.358" level="INFO">Typing text '' into text field 'name:password'.</msg>
<status status="PASS" starttime="20200512 20:39:26.358" endtime="20200512 20:39:26.412"></status>
</kw>
<kw name="Click Element" library="SeleniumLibrary">
<doc>Click the element identified by ``locator``.</doc>
<arguments>
<arg>xpath://button[text()="Entrar"]</arg>
</arguments>
<msg timestamp="20200512 20:39:26.413" level="INFO">Clicking element 'xpath://button[text()="Entrar"]'.</msg>
<status status="PASS" starttime="20200512 20:39:26.413" endtime="20200512 20:39:26.459"></status>
</kw>
<status status="PASS" starttime="20200512 20:39:26.215" endtime="20200512 20:39:26.459"></status>
</kw>
<kw name="Então devo ver a mensagem de alerta &quot;Opps. Informe a sua senha!&quot;" library="actions">
<kw name="Wait Until Element Is Visible" library="SeleniumLibrary">
<doc>Waits until the element ``locator`` is visible.</doc>
<arguments>
<arg>class:alert</arg>
</arguments>
<status status="PASS" starttime="20200512 20:39:26.460" endtime="20200512 20:39:26.481"></status>
</kw>
<kw name="Element Text Should Be" library="SeleniumLibrary">
<doc>Verifies that element ``locator`` contains exact the text ``expected``.</doc>
<arguments>
<arg>class:alert</arg>
<arg>${expect_alert}</arg>
</arguments>
<msg timestamp="20200512 20:39:26.482" level="INFO">Verifying element 'class:alert' contains exact text 'Opps. Informe a sua senha!'.</msg>
<status status="PASS" starttime="20200512 20:39:26.481" endtime="20200512 20:39:26.501"></status>
</kw>
<status status="PASS" starttime="20200512 20:39:26.460" endtime="20200512 20:39:26.501"></status>
</kw>
<kw name="End Test" library="actions" type="teardown">
<kw name="Capture Page Screenshot" library="SeleniumLibrary">
<doc>Takes a screenshot of the current page and embeds it into a log file.</doc>
<msg timestamp="20200512 20:39:28.177" level="INFO" html="yes">&lt;/td&gt;&lt;/tr&gt;&lt;tr&gt;&lt;td colspan="3"&gt;&lt;a href="selenium-screenshot-5.png"&gt;&lt;img src="selenium-screenshot-5.png" width="800px"&gt;&lt;/a&gt;</msg>
<status status="PASS" starttime="20200512 20:39:26.502" endtime="20200512 20:39:28.177"></status>
</kw>
<status status="PASS" starttime="20200512 20:39:26.502" endtime="20200512 20:39:28.177"></status>
</kw>
<status status="PASS" starttime="20200512 20:39:25.993" endtime="20200512 20:39:28.177" critical="yes"></status>
</test>
<kw name="Close Session" library="actions" type="teardown">
<kw name="Close Browser" library="SeleniumLibrary">
<doc>Closes the current browser.</doc>
<status status="PASS" starttime="20200512 20:39:28.179" endtime="20200512 20:39:28.270"></status>
</kw>
<status status="PASS" starttime="20200512 20:39:28.179" endtime="20200512 20:39:28.270"></status>
</kw>
<doc>Login
Sendo um administrador de catálogo
Quero me autenticar no sistema
Para que eu possa gerenciar os produtos da loja virtual</doc>
<status status="PASS" starttime="20200512 20:39:12.162" endtime="20200512 20:39:28.270"></status>
</suite>
<statistics>
<total>
<stat pass="6" fail="0">Critical Tests</stat>
<stat pass="6" fail="0">All Tests</stat>
</total>
<tag>
<stat pass="1" fail="0">success_login</stat>
</tag>
<suite>
<stat pass="6" fail="0" id="s1" name="Login">Login</stat>
</suite>
</statistics>
<errors>
</errors>
</robot>
